SF:lib\src\core\database\data_validator.dart
DA:8,3
DA:13,2
DA:17,2
DA:18,2
DA:25,2
DA:26,2
DA:29,6
DA:30,2
DA:32,6
DA:33,1
DA:35,6
DA:36,1
DA:38,6
DA:39,1
DA:41,6
DA:42,1
DA:44,6
DA:45,1
DA:47,6
DA:48,1
DA:52,2
DA:53,6
DA:54,6
DA:55,2
DA:60,2
DA:61,6
DA:62,6
DA:63,6
DA:64,6
DA:65,6
DA:66,6
DA:69,2
DA:70,2
DA:71,2
DA:73,4
DA:74,2
DA:75,1
DA:86,2
DA:87,2
DA:88,6
DA:89,6
DA:90,6
DA:91,6
DA:93,2
DA:95,2
DA:97,6
DA:98,2
DA:100,4
DA:101,0
DA:104,2
DA:105,2
DA:106,2
DA:110,2
DA:112,2
DA:114,4
DA:115,2
DA:116,4
DA:117,4
LF:58
LH:57
end_of_record
SF:lib\src\features\add_ingredients\model\ingredient.dart
DA:25,1
DA:26,2
DA:27,3
DA:29,2
DA:30,10
DA:32,2
DA:33,10
DA:36,7
DA:78,3
DA:81,3
DA:82,0
DA:83,0
DA:84,0
DA:89,3
DA:91,1
DA:92,2
DA:93,2
DA:94,1
DA:103,3
DA:105,0
DA:106,0
DA:107,0
DA:108,0
DA:117,3
DA:118,0
DA:119,0
DA:120,0
DA:121,0
DA:126,4
DA:128,4
DA:129,6
DA:134,3
DA:135,3
DA:136,3
DA:137,3
DA:138,3
DA:139,3
DA:141,3
DA:143,3
DA:144,3
DA:145,3
DA:146,3
DA:147,3
DA:148,3
DA:158,3
DA:159,3
DA:160,3
DA:161,3
DA:162,3
DA:163,3
DA:164,3
DA:165,3
DA:166,3
DA:167,3
DA:168,3
DA:169,3
DA:170,3
DA:171,3
DA:172,3
DA:173,3
DA:178,3
DA:179,3
DA:180,3
DA:233,2
DA:274,2
DA:275,2
DA:276,2
DA:277,2
DA:278,2
DA:279,2
DA:280,2
DA:281,2
DA:282,2
DA:283,2
DA:284,2
DA:285,2
DA:286,2
DA:287,2
DA:288,2
DA:289,2
DA:290,1
DA:291,1
DA:292,2
DA:293,2
DA:294,2
DA:295,2
DA:296,2
DA:297,2
DA:299,2
DA:300,2
DA:301,2
DA:302,2
DA:303,2
DA:304,2
DA:305,2
DA:306,2
DA:307,2
DA:308,2
DA:309,2
DA:311,2
DA:312,2
DA:313,2
DA:314,2
DA:316,3
DA:317,3
DA:318,6
DA:319,6
DA:320,6
DA:321,6
DA:322,6
DA:323,6
DA:324,6
DA:325,6
DA:326,6
DA:327,6
DA:328,6
DA:329,6
DA:330,6
DA:331,6
DA:332,6
DA:333,6
DA:334,6
DA:335,6
DA:336,6
DA:337,6
DA:338,6
DA:339,6
DA:340,6
DA:342,6
DA:343,6
DA:344,6
DA:345,6
DA:346,6
DA:347,6
DA:348,6
DA:349,6
DA:350,3
DA:351,6
DA:352,3
DA:353,3
DA:354,6
DA:355,6
DA:356,0
DA:358,6
DA:359,6
DA:360,6
LF:146
LH:134
end_of_record
SF:lib\src\features\main\model\feed.dart
DA:9,3
DA:10,3
DA:19,3
DA:27,2
DA:28,4
DA:29,4
DA:30,4
DA:31,2
DA:32,4
DA:33,6
DA:34,6
DA:37,4
DA:40,2
DA:47,2
DA:48,2
DA:49,2
DA:50,2
DA:51,1
DA:52,2
DA:55,2
DA:56,2
DA:57,4
DA:58,4
DA:59,4
DA:60,2
DA:61,12
DA:63,4
DA:73,1
DA:74,2
DA:75,1
DA:76,2
DA:79,6
DA:87,2
DA:88,4
DA:89,4
DA:90,4
DA:91,4
DA:92,4
DA:100,2
DA:107,2
DA:108,2
DA:109,2
DA:110,1
DA:111,2
DA:112,2
DA:114,2
DA:115,2
DA:116,4
DA:117,4
DA:118,4
DA:119,4
DA:120,4
LF:52
LH:52
end_of_record
SF:lib\src\features\add_ingredients\model\amino_acids_profile.dart
DA:18,4
DA:33,1
DA:34,1
DA:35,1
DA:36,1
DA:37,1
DA:38,1
DA:39,1
DA:40,1
DA:41,1
DA:42,1
DA:43,1
DA:44,1
DA:45,1
DA:50,1
DA:51,1
DA:52,1
DA:53,1
DA:54,1
DA:55,1
DA:56,1
DA:57,1
DA:58,1
DA:59,1
DA:60,1
DA:61,1
DA:62,1
DA:67,0
DA:80,0
DA:81,0
DA:82,0
DA:83,0
DA:84,0
DA:85,0
DA:86,0
DA:87,0
DA:88,0
DA:89,0
DA:90,0
DA:91,0
DA:95,0
DA:97,0
DA:98,0
DA:101,0
DA:105,0
DA:106,0
DA:107,0
DA:108,0
DA:109,0
DA:110,0
DA:111,0
DA:112,0
DA:113,0
DA:114,0
DA:115,0
DA:116,0
DA:119,0
DA:121,0
DA:122,0
DA:123,0
DA:124,0
DA:125,0
DA:126,0
DA:127,0
DA:128,0
DA:129,0
DA:130,0
DA:131,0
DA:132,0
LF:69
LH:27
end_of_record
SF:lib\src\features\add_ingredients\model\anti_nutritional_factors.dart
DA:12,2
DA:21,0
DA:22,0
DA:23,0
DA:24,0
DA:25,0
DA:26,0
DA:27,0
DA:32,0
DA:33,0
DA:34,0
DA:35,0
DA:36,0
DA:37,0
DA:38,0
DA:43,0
DA:50,0
DA:52,0
DA:54,0
DA:55,0
DA:56,0
DA:57,0
DA:61,0
DA:63,0
DA:64,0
DA:67,0
DA:71,0
DA:72,0
DA:73,0
DA:74,0
DA:75,0
DA:76,0
DA:79,0
DA:81,0
DA:82,0
DA:83,0
DA:84,0
DA:85,0
DA:86,0
LF:39
LH:1
end_of_record
SF:lib\src\features\add_ingredients\model\energy_values.dart
DA:15,2
DA:26,0
DA:27,0
DA:28,0
DA:29,0
DA:30,0
DA:31,0
DA:32,0
DA:33,0
DA:34,0
DA:39,0
DA:40,0
DA:41,0
DA:42,0
DA:43,0
DA:44,0
DA:45,0
DA:46,0
DA:47,0
DA:52,0
DA:61,0
DA:62,0
DA:63,0
DA:64,0
DA:65,0
DA:66,0
DA:67,0
DA:68,0
DA:72,0
DA:74,0
DA:75,0
DA:78,0
DA:82,0
DA:83,0
DA:84,0
DA:85,0
DA:86,0
DA:87,0
DA:88,0
DA:89,0
DA:92,0
DA:94,0
DA:95,0
DA:96,0
DA:97,0
DA:98,0
DA:99,0
DA:100,0
DA:101,0
LF:49
LH:1
end_of_record
SF:lib\src\features\reports\model\result.dart
DA:16,0
DA:17,0
DA:20,5
DA:45,1
DA:46,2
DA:47,2
DA:48,2
DA:49,2
DA:50,2
DA:51,2
DA:52,2
DA:53,2
DA:54,2
DA:55,2
DA:56,2
DA:57,2
DA:59,2
DA:60,2
DA:61,2
DA:62,2
DA:63,2
DA:64,2
DA:65,2
DA:66,2
DA:67,2
DA:98,1
DA:121,1
DA:122,1
DA:123,1
DA:124,0
DA:125,1
DA:126,1
DA:127,1
DA:128,1
DA:129,1
DA:130,1
DA:131,1
DA:132,1
DA:133,1
DA:134,0
DA:135,1
DA:136,1
DA:137,1
DA:138,1
DA:139,1
DA:140,1
DA:141,1
DA:142,1
DA:144,1
DA:145,1
DA:146,2
DA:147,2
DA:148,2
DA:149,2
DA:150,2
DA:151,2
DA:152,2
DA:153,2
DA:154,2
DA:155,2
DA:156,2
DA:157,2
DA:159,2
DA:160,2
DA:161,2
DA:162,2
DA:163,2
DA:164,2
DA:165,2
DA:166,2
DA:167,2
DA:176,1
DA:177,1
DA:178,3
DA:182,1
DA:183,1
DA:184,3
DA:188,0
DA:189,0
DA:190,0
DA:194,0
DA:195,0
DA:196,0
DA:200,1
DA:201,1
DA:202,3
DA:206,1
DA:207,1
DA:208,3
DA:212,1
DA:213,1
DA:214,2
DA:215,2
DA:219,1
DA:220,1
DA:221,2
DA:222,2
DA:226,1
DA:227,1
DA:228,2
DA:229,2
DA:233,1
DA:234,1
DA:235,2
DA:236,2
DA:240,1
DA:241,1
DA:242,2
DA:243,2
LF:109
LH:99
end_of_record
SF:lib\src\features\reports\providers\enhanced_calculation_engine.dart
DA:25,3
DA:30,3
DA:31,6
DA:32,1
DA:36,3
DA:44,3
DA:51,3
DA:58,3
DA:65,3
DA:66,3
DA:67,3
DA:68,3
DA:69,3
DA:70,3
DA:71,3
DA:72,3
DA:73,3
DA:74,3
DA:75,3
DA:78,3
DA:79,3
DA:80,3
DA:81,3
DA:82,3
DA:83,3
DA:84,3
DA:85,3
DA:86,3
DA:91,3
DA:107,6
DA:108,6
DA:109,3
DA:111,6
DA:114,3
DA:115,6
DA:116,9
DA:117,9
DA:118,9
DA:119,9
DA:120,9
DA:121,9
DA:122,9
DA:123,9
DA:126,3
DA:127,3
DA:128,3
DA:129,3
DA:130,3
DA:131,3
DA:132,3
DA:133,3
DA:134,3
DA:135,3
DA:141,3
DA:153,3
DA:154,3
DA:157,3
DA:159,6
DA:160,6
DA:161,3
DA:163,6
DA:167,9
DA:168,9
DA:171,6
DA:172,6
DA:173,12
DA:175,3
DA:176,9
DA:179,3
DA:188,3
DA:194,3
DA:195,3
DA:196,3
DA:197,3
DA:198,3
DA:199,3
DA:200,3
DA:201,3
DA:203,3
DA:204,3
DA:206,6
DA:211,3
DA:228,6
DA:229,3
DA:230,3
DA:242,3
DA:252,3
DA:253,2
DA:254,4
DA:255,2
DA:256,2
DA:257,4
DA:258,4
DA:259,2
DA:260,2
DA:261,4
DA:262,2
DA:263,2
DA:264,4
DA:265,4
DA:266,4
DA:267,2
DA:268,2
DA:271,3
DA:272,2
DA:273,2
DA:276,6
DA:278,2
DA:281,2
DA:282,4
DA:285,2
DA:288,4
DA:290,2
DA:293,2
DA:294,2
DA:297,2
DA:300,2
DA:301,2
DA:304,2
DA:307,2
DA:309,2
DA:312,2
DA:313,2
DA:316,2
DA:319,4
DA:321,2
DA:324,4
DA:326,2
DA:329,2
DA:330,0
DA:333,2
DA:336,2
DA:337,2
DA:343,3
DA:344,7
DA:345,3
DA:348,3
DA:349,4
DA:355,3
DA:356,2
DA:357,4
DA:358,4
DA:359,4
DA:360,4
DA:361,4
DA:362,4
DA:363,4
DA:364,4
DA:365,4
DA:366,4
DA:367,2
DA:368,2
DA:371,5
DA:372,2
DA:373,2
DA:374,8
DA:376,2
DA:377,2
DA:378,8
DA:384,3
DA:391,15
DA:396,3
DA:400,3
DA:401,6
DA:403,9
DA:409,3
DA:415,3
DA:418,6
DA:419,6
DA:423,6
DA:424,6
DA:428,6
DA:429,6
DA:430,3
DA:432,6
DA:435,5
DA:436,4
DA:439,3
DA:440,0
DA:447,3
DA:449,6
DA:450,9
DA:467,3
DA:469,3
DA:471,5
DA:472,6
DA:476,3
DA:477,3
DA:479,3
DA:483,2
DA:484,4
DA:486,6
DA:490,1
DA:491,0
DA:493,0
DA:500,3
DA:501,9
DA:505,1
DA:506,0
DA:510,1
DA:511,3
DA:515,0
DA:516,0
DA:523,16
DA:526,3
DA:539,6
DA:540,6
DA:541,3
DA:543,6
DA:547,3
DA:548,8
DA:549,8
DA:550,8
DA:551,8
DA:552,8
DA:553,8
DA:554,8
DA:557,6
DA:558,6
DA:559,6
DA:560,6
DA:561,6
DA:565,3
DA:567,5
DA:568,9
DA:569,7
DA:570,3
DA:571,6
DA:573,3
DA:574,2
DA:576,3
DA:577,3
DA:578,0
LF:233
LH:225
end_of_record
SF:lib\src\features\add_update_feed\services\inclusion_validator.dart
DA:16,3
DA:21,3
DA:22,3
DA:23,3
DA:25,12
DA:28,3
DA:29,0
DA:32,6
DA:33,6
DA:36,6
DA:37,6
DA:40,3
DA:42,3
DA:43,3
DA:44,6
DA:45,6
DA:46,3
DA:48,4
DA:50,4
DA:51,4
DA:52,2
DA:58,3
DA:59,2
DA:62,2
DA:63,4
DA:64,2
DA:65,4
DA:66,2
DA:67,2
DA:72,4
DA:73,0
DA:74,0
DA:75,0
DA:80,2
DA:81,2
DA:82,1
DA:83,2
DA:84,2
DA:90,2
DA:91,0
DA:92,0
DA:99,5
DA:100,4
DA:104,3
DA:107,3
DA:116,3
DA:121,3
DA:122,6
DA:138,3
DA:145,0
DA:148,0
LF:51
LH:43
end_of_record
SF:lib\src\features\add_update_feed\providers\feed_provider.dart
DA:18,2
DA:19,1
DA:22,1
DA:42,1
DA:52,1
DA:53,1
DA:54,1
DA:55,1
DA:56,1
DA:57,1
DA:58,1
DA:59,1
DA:60,1
DA:65,1
DA:78,1
DA:81,1
DA:82,1
DA:85,2
DA:86,0
DA:96,0
DA:97,0
DA:98,0
DA:99,0
DA:101,0
DA:104,0
DA:106,0
DA:107,0
DA:108,0
DA:112,0
DA:116,0
DA:117,0
DA:118,0
DA:120,0
DA:121,0
DA:122,0
DA:124,0
DA:130,0
DA:133,0
DA:149,0
DA:151,0
DA:152,0
DA:153,0
DA:154,0
DA:157,0
DA:160,0
DA:161,0
DA:162,0
DA:165,0
DA:166,0
DA:167,0
DA:168,0
DA:169,0
DA:170,0
DA:171,0
DA:173,0
DA:175,0
DA:176,0
DA:177,0
DA:178,0
DA:181,0
DA:182,0
DA:183,0
DA:185,0
DA:186,0
DA:188,0
DA:190,0
DA:191,0
DA:193,0
DA:194,0
DA:195,0
DA:198,0
DA:202,0
DA:203,0
DA:204,0
DA:209,0
DA:210,0
DA:211,0
DA:213,0
DA:214,0
DA:215,0
DA:218,0
DA:220,0
DA:221,0
DA:222,0
DA:223,0
DA:224,0
DA:226,0
DA:227,0
DA:228,0
DA:230,0
DA:233,0
DA:234,0
DA:235,0
DA:236,0
DA:237,0
DA:238,0
DA:239,0
DA:244,0
DA:246,0
DA:248,0
DA:250,0
DA:253,0
DA:254,0
DA:255,0
DA:258,0
DA:259,0
DA:260,0
DA:262,0
DA:264,0
DA:266,0
DA:268,0
DA:269,0
DA:270,0
DA:272,0
DA:278,0
DA:279,0
DA:280,0
DA:281,0
DA:282,0
DA:283,0
DA:284,0
DA:288,0
DA:289,0
DA:290,0
DA:291,0
DA:296,0
DA:301,0
DA:302,0
DA:303,0
DA:304,0
DA:305,0
DA:306,0
DA:307,0
DA:308,0
DA:309,0
DA:313,0
DA:315,0
DA:318,0
DA:319,0
DA:321,0
DA:322,0
DA:323,0
DA:327,0
DA:329,0
DA:332,1
DA:333,3
DA:336,1
DA:337,3
DA:342,0
DA:343,0
DA:344,0
DA:347,0
DA:348,0
DA:351,0
DA:352,0
DA:356,0
DA:360,0
DA:361,0
DA:364,0
DA:365,0
DA:369,0
DA:373,0
DA:377,0
DA:378,0
DA:379,0
DA:381,0
DA:382,0
DA:383,0
DA:387,0
DA:388,0
DA:390,0
DA:391,0
DA:392,0
DA:394,0
DA:395,0
DA:397,0
DA:398,0
DA:399,0
DA:401,0
DA:405,0
DA:407,0
DA:410,0
DA:412,0
DA:420,0
DA:422,0
DA:423,0
DA:428,0
DA:439,0
DA:440,0
DA:442,0
DA:443,0
DA:444,0
DA:445,0
DA:449,0
DA:452,0
DA:453,0
DA:458,0
DA:459,0
DA:461,0
DA:462,0
DA:463,0
DA:465,0
DA:466,0
DA:467,0
DA:468,0
DA:470,0
DA:471,0
DA:473,0
DA:477,0
DA:478,0
DA:479,0
DA:481,0
DA:486,0
DA:488,0
DA:491,0
DA:492,0
LF:216
LH:22
end_of_record
SF:lib\src\core\constants\common.dart
DA:10,0
DA:48,3
DA:52,1
DA:59,3
DA:63,1
DA:72,1
DA:73,1
DA:76,1
DA:77,2
DA:80,1
DA:81,2
DA:87,1
DA:98,1
DA:99,1
DA:109,1
DA:110,1
DA:120,1
DA:121,1
DA:131,1
DA:132,1
DA:142,1
DA:143,1
DA:154,0
DA:156,0
DA:157,0
DA:168,0
DA:170,0
DA:173,0
DA:175,0
DA:178,0
DA:180,0
DA:185,1
DA:186,1
DA:187,1
DA:191,1
DA:192,1
DA:193,2
DA:197,1
DA:198,1
DA:199,1
DA:204,1
DA:215,1
DA:219,1
DA:222,1
DA:225,1
DA:228,1
DA:231,1
DA:240,1
DA:244,1
DA:247,1
DA:250,1
DA:253,1
DA:256,1
LF:53
LH:43
end_of_record
SF:lib\src\core\database\app_db.dart
DA:23,0
DA:26,0
DA:31,0
DA:33,0
DA:34,0
DA:39,0
DA:40,0
DA:44,0
DA:45,0
DA:62,0
DA:63,0
DA:64,0
DA:65,0
DA:66,0
DA:67,0
DA:68,0
DA:70,0
DA:72,0
DA:73,0
DA:75,0
DA:79,0
DA:80,0
DA:81,0
DA:82,0
DA:85,0
DA:86,0
DA:88,0
DA:92,0
DA:96,0
DA:97,0
DA:100,0
DA:101,0
DA:106,0
DA:107,0
DA:110,0
DA:111,0
DA:113,0
DA:114,0
DA:116,0
DA:117,0
DA:119,0
DA:120,0
DA:122,0
DA:123,0
DA:125,0
DA:126,0
DA:128,0
DA:129,0
DA:131,0
DA:132,0
DA:138,0
DA:139,0
DA:142,0
DA:148,0
DA:152,0
DA:153,0
DA:158,0
DA:159,0
DA:162,0
DA:163,0
DA:164,0
DA:170,0
DA:172,0
DA:174,0
DA:178,0
DA:182,0
DA:183,0
DA:187,0
DA:192,0
DA:197,0
DA:202,0
DA:207,0
DA:209,0
DA:210,0
DA:214,0
DA:218,0
DA:219,0
DA:222,0
DA:224,0
DA:225,0
DA:227,0
DA:231,0
DA:232,0
DA:233,0
DA:234,0
DA:235,0
DA:236,0
DA:237,0
DA:238,0
DA:239,0
DA:240,0
DA:241,0
DA:242,0
DA:243,0
DA:244,0
DA:245,0
DA:247,0
DA:251,0
DA:252,0
DA:255,0
DA:257,0
DA:258,0
DA:260,0
DA:264,0
DA:266,0
DA:270,0
DA:271,0
DA:276,0
DA:279,0
DA:280,0
DA:281,0
DA:282,0
DA:283,0
DA:285,0
DA:287,0
DA:292,0
DA:293,0
DA:294,0
DA:296,0
DA:300,0
DA:304,0
DA:305,0
DA:309,0
DA:315,0
DA:321,0
DA:326,0
DA:328,0
DA:332,0
DA:337,0
DA:338,0
DA:341,0
DA:356,0
DA:361,0
DA:363,0
DA:367,0
DA:372,0
DA:373,0
DA:374,0
DA:375,0
DA:376,0
DA:377,0
DA:379,0
DA:383,0
DA:384,0
DA:385,0
DA:386,0
DA:388,0
DA:390,0
DA:391,0
DA:393,0
DA:394,0
DA:395,0
DA:397,0
DA:398,0
DA:400,0
DA:403,0
DA:406,0
DA:412,0
DA:415,0
DA:416,0
DA:419,0
DA:425,0
DA:428,0
DA:434,0
DA:437,0
DA:440,0
DA:443,0
DA:450,0
DA:453,0
DA:457,0
DA:460,0
DA:463,0
DA:466,0
DA:471,0
DA:474,0
DA:479,0
DA:482,0
DA:487,0
DA:490,0
DA:494,0
DA:497,0
DA:498,0
DA:499,0
LF:183
LH:0
end_of_record
SF:lib\src\features\add_ingredients\repository\ingredients_repository.dart
DA:8,0
DA:9,0
DA:11,0
DA:12,0
DA:13,0
DA:17,0
DA:113,0
DA:115,0
DA:118,0
DA:120,0
DA:123,0
DA:125,0
DA:128,0
DA:130,0
DA:132,0
DA:135,0
DA:137,0
DA:139,0
DA:140,0
DA:143,0
DA:145,0
LF:21
LH:0
end_of_record
SF:lib\src\features\add_update_feed\repository\animal_type_repository.dart
DA:6,0
DA:7,0
DA:8,0
DA:9,0
DA:10,0
DA:14,0
DA:32,0
DA:34,0
DA:37,0
DA:39,0
DA:42,0
DA:44,0
DA:46,0
DA:49,0
DA:51,0
DA:53,0
DA:54,0
DA:57,0
DA:59,0
LF:19
LH:0
end_of_record
SF:lib\src\features\main\repository\feed_ingredient_repository.dart
DA:10,0
DA:11,0
DA:12,0
DA:13,0
DA:14,0
DA:18,0
DA:45,0
DA:48,0
DA:49,0
DA:50,0
DA:53,0
DA:54,0
DA:55,0
DA:60,0
DA:63,0
DA:66,0
DA:67,0
DA:68,0
DA:71,0
DA:72,0
DA:73,0
DA:78,0
DA:81,0
DA:86,0
DA:87,0
DA:90,0
DA:91,0
DA:92,0
DA:97,0
DA:100,0
DA:102,0
DA:103,0
DA:106,0
DA:107,0
DA:112,0
DA:115,0
DA:116,0
DA:117,0
DA:118,0
DA:120,0
DA:121,0
DA:122,0
DA:123,0
DA:127,0
DA:130,0
DA:131,0
DA:132,0
DA:133,0
DA:135,0
DA:136,0
DA:137,0
DA:138,0
DA:142,0
DA:145,0
DA:146,0
DA:147,0
DA:150,0
DA:151,0
DA:152,0
LF:59
LH:0
end_of_record
SF:lib\src\features\main\repository\feed_repository.dart
DA:12,0
DA:13,0
DA:14,0
DA:17,0
DA:20,0
DA:51,0
DA:53,0
DA:56,0
DA:61,0
DA:64,0
DA:66,0
DA:75,0
DA:77,0
DA:78,0
DA:81,0
DA:83,0
DA:85,0
DA:92,0
DA:95,0
DA:96,0
DA:97,0
DA:99,0
DA:101,0
DA:110,0
DA:113,0
DA:115,0
DA:116,0
DA:120,0
DA:121,0
DA:123,0
DA:129,0
DA:132,0
DA:133,0
DA:136,0
DA:138,0
DA:140,0
DA:147,0
DA:148,0
DA:149,0
DA:154,0
DA:157,0
DA:158,0
DA:162,0
DA:163,0
DA:165,0
DA:171,0
DA:175,0
DA:176,0
DA:179,0
DA:181,0
DA:183,0
LF:51
LH:0
end_of_record
SF:lib\src\features\add_ingredients\repository\ingredient_category_repository.dart
DA:6,0
DA:7,0
DA:9,0
DA:10,0
DA:11,0
DA:15,0
DA:30,0
DA:32,0
DA:35,0
DA:37,0
DA:40,0
DA:42,0
DA:44,0
DA:47,0
DA:49,0
DA:51,0
DA:52,0
DA:55,0
DA:57,0
LF:19
LH:0
end_of_record
SF:lib\src\core\database\initial_data_uploader.dart
DA:6,0
DA:7,0
DA:10,0
DA:11,0
DA:14,0
DA:15,0
DA:18,0
DA:19,0
DA:20,0
DA:24,0
DA:25,0
DA:26,0
DA:30,0
DA:31,0
DA:32,0
DA:33,0
LF:16
LH:0
end_of_record
SF:lib\src\features\add_update_feed\model\animal_type.dart
DA:6,0
DA:7,0
DA:9,0
DA:11,0
DA:12,0
DA:14,0
DA:15,0
DA:18,0
DA:23,0
DA:24,0
DA:25,0
DA:30,0
DA:34,0
DA:35,0
DA:36,0
DA:39,0
DA:40,0
DA:41,0
DA:42,0
LF:19
LH:0
end_of_record
SF:lib\src\features\add_ingredients\model\ingredient_category.dart
DA:6,0
DA:7,0
DA:8,0
DA:9,0
DA:11,0
DA:12,0
DA:13,0
DA:15,0
DA:16,0
DA:19,0
DA:24,0
DA:25,0
DA:26,0
DA:31,0
DA:35,0
DA:36,0
DA:37,0
DA:40,0
DA:41,0
DA:42,0
DA:43,0
LF:21
LH:0
end_of_record
SF:lib\src\core\exceptions\app_exceptions.dart
DA:15,1
DA:21,0
DA:22,0
DA:33,0
DA:39,0
DA:40,0
DA:53,1
DA:60,0
DA:62,0
DA:76,0
DA:83,0
DA:85,0
DA:95,0
DA:101,0
DA:102,0
DA:115,0
DA:122,0
DA:123,0
DA:133,0
DA:139,0
DA:140,0
DA:153,0
DA:160,0
DA:162,0
LF:24
LH:2
end_of_record
SF:lib\src\core\repositories\repository.dart
DA:2,0
DA:4,0
DA:6,0
DA:8,0
DA:10,0
LF:5
LH:0
end_of_record
SF:lib\src\core\utils\logger.dart
DA:31,0
DA:34,0
DA:40,0
DA:41,0
DA:46,0
DA:47,0
DA:52,0
DA:53,0
DA:58,0
DA:64,0
DA:74,0
DA:81,0
DA:83,0
DA:84,0
DA:85,0
DA:86,0
DA:88,0
DA:91,0
DA:95,0
DA:100,0
DA:108,0
LF:21
LH:0
end_of_record
SF:lib\src\features\reports\providers\result_provider.dart
DA:13,0
DA:14,0
DA:17,1
DA:27,0
DA:32,0
DA:33,0
DA:34,0
DA:35,0
DA:40,1
DA:48,0
DA:65,0
DA:66,0
DA:67,0
DA:71,0
DA:75,0
DA:77,0
DA:79,0
DA:80,0
DA:81,0
DA:82,0
DA:84,0
DA:86,0
DA:90,0
DA:91,0
DA:92,0
DA:93,0
DA:94,0
DA:95,0
DA:96,0
DA:97,0
DA:98,0
DA:99,0
DA:100,0
DA:101,0
DA:102,0
DA:103,0
DA:105,0
DA:106,0
DA:107,0
DA:108,0
DA:109,0
DA:110,0
DA:111,0
DA:112,0
DA:113,0
DA:119,0
DA:120,0
DA:121,0
DA:122,0
DA:124,0
DA:125,0
DA:127,0
DA:128,0
DA:130,0
DA:131,0
DA:134,0
DA:137,0
DA:138,0
DA:141,0
DA:142,0
DA:144,0
DA:145,0
DA:146,0
DA:147,0
DA:150,0
DA:152,0
DA:154,0
DA:155,0
DA:160,0
DA:172,0
DA:174,0
DA:175,0
DA:176,0
DA:177,0
DA:178,0
DA:179,0
DA:185,0
DA:187,0
DA:190,0
DA:191,0
DA:197,0
DA:200,0
DA:201,0
DA:202,0
DA:205,0
DA:208,0
DA:210,0
DA:216,0
DA:217,0
DA:220,0
DA:222,0
DA:223,0
DA:227,0
DA:228,0
DA:229,0
DA:230,0
DA:231,0
DA:234,0
DA:235,0
DA:236,0
DA:238,0
DA:239,0
DA:240,0
DA:242,0
DA:245,0
DA:247,0
DA:253,0
DA:256,0
DA:258,0
DA:259,0
DA:264,0
DA:265,0
DA:267,0
DA:268,0
DA:269,0
DA:270,0
DA:271,0
DA:273,0
DA:277,0
DA:278,0
DA:282,0
DA:283,0
DA:286,0
DA:287,0
LF:124
LH:2
end_of_record
SF:lib\src\features\main\providers\main_provider.dart
DA:7,0
DA:8,0
DA:11,1
DA:21,0
DA:26,0
DA:27,0
DA:28,0
DA:29,0
DA:34,1
DA:42,0
DA:44,0
DA:48,0
DA:49,0
DA:50,0
DA:52,0
DA:54,0
DA:55,0
DA:56,0
DA:57,0
DA:58,0
DA:63,0
DA:64,0
DA:65,0
DA:67,0
DA:68,0
LF:25
LH:2
end_of_record
SF:lib\src\features\reports\model\inclusion_validation.dart
DA:9,1
DA:14,3
DA:15,3
DA:16,3
DA:18,0
DA:19,0
DA:20,0
DA:23,0
DA:24,0
DA:25,0
DA:28,0
DA:29,0
DA:39,1
DA:46,0
DA:48,1
DA:49,9
DA:51,1
DA:52,5
DA:62,1
DA:69,1
DA:70,5
DA:72,1
DA:73,8
DA:75,1
DA:77,5
DA:87,0
DA:94,0
DA:95,0
LF:28
LH:16
end_of_record
SF:lib\src\core\utils\input_validators.dart
DA:15,0
DA:20,3
DA:23,3
DA:26,3
DA:32,0
DA:33,0
DA:34,0
DA:36,0
DA:37,0
DA:42,0
DA:43,0
DA:44,0
DA:48,0
DA:50,0
DA:51,0
DA:52,0
DA:59,1
DA:60,1
DA:64,2
DA:70,1
DA:74,1
DA:83,1
DA:84,1
DA:88,2
DA:94,1
DA:98,1
DA:107,1
DA:108,1
DA:109,1
DA:112,1
DA:114,1
DA:115,1
DA:118,2
DA:119,1
DA:122,2
DA:123,1
DA:130,1
DA:131,1
DA:135,1
DA:139,1
DA:147,1
DA:148,1
DA:152,2
DA:158,2
DA:166,1
DA:174,1
DA:175,1
DA:178,2
DA:181,1
DA:184,1
DA:185,1
DA:188,1
DA:189,1
DA:196,1
DA:197,2
DA:198,1
DA:204,1
DA:205,1
DA:210,2
DA:212,4
DA:216,2
LF:61
LH:48
end_of_record
SF:lib\src\core\value_objects\price.dart
DA:12,1
DA:18,1
DA:19,1
DA:20,2
DA:21,1
DA:26,1
DA:27,1
DA:28,1
DA:29,1
DA:34,1
DA:35,1
DA:36,1
DA:39,1
DA:42,1
DA:43,1
DA:46,1
DA:49,1
DA:53,1
DA:54,3
DA:55,1
DA:59,3
DA:62,5
DA:66,1
DA:67,3
DA:68,1
DA:72,3
DA:75,5
DA:79,1
DA:80,4
DA:84,1
DA:85,1
DA:86,1
DA:92,4
DA:96,1
DA:97,3
DA:98,1
DA:102,3
DA:105,3
DA:109,1
DA:110,3
DA:111,1
DA:115,3
DA:118,3
DA:122,1
DA:123,2
DA:124,3
DA:128,1
DA:129,2
DA:130,3
DA:133,1
DA:134,1
DA:135,1
DA:137,1
DA:139,1
DA:141,1
DA:144,1
DA:148,1
DA:149,3
DA:151,1
DA:152,1
LF:60
LH:60
end_of_record
